{"D:\\Projects\\DanAds\\Tasks\\qa-hometasks\\src\\task-1\\utils\\generateFullname.js": {"path":"D:\\Projects\\DanAds\\Tasks\\qa-hometasks\\src\\task-1\\utils\\generateFullname.js","statementMap":{"0":{"start":{"line":2,"column":2},"end":{"line":2,"column":43}},"1":{"start":{"line":2,"column":31},"end":{"line":2,"column":43}},"2":{"start":{"line":3,"column":2},"end":{"line":3,"column":36}},"3":{"start":{"line":6,"column":0},"end":{"line":6,"column":34}}},"fnMap":{"0":{"name":"generateFullname","decl":{"start":{"line":1,"column":9},"end":{"line":1,"column":25}},"loc":{"start":{"line":1,"column":47},"end":{"line":4,"column":1}},"line":1}},"branchMap":{"0":{"loc":{"start":{"line":2,"column":2},"end":{"line":2,"column":43}},"type":"if","locations":[{"start":{"line":2,"column":2},"end":{"line":2,"column":43}},{"start":{},"end":{}}],"line":2},"1":{"loc":{"start":{"line":2,"column":6},"end":{"line":2,"column":29}},"type":"binary-expr","locations":[{"start":{"line":2,"column":6},"end":{"line":2,"column":16}},{"start":{"line":2,"column":20},"end":{"line":2,"column":29}}],"line":2}},"s":{"0":4,"1":3,"2":1,"3":1},"f":{"0":4},"b":{"0":[3,1],"1":[4,2]},"_coverageSchema":"1a1c01bbd47fc00a2c39e90264f33305004495a9","hash":"37154e9ec1a97d9c1b36c170e723df5811dc8286"}
,"D:\\Projects\\DanAds\\Tasks\\qa-hometasks\\src\\task-1\\utils\\validateAge.js": {"path":"D:\\Projects\\DanAds\\Tasks\\qa-hometasks\\src\\task-1\\utils\\validateAge.js","statementMap":{"0":{"start":{"line":2,"column":2},"end":{"line":2,"column":32}},"1":{"start":{"line":5,"column":0},"end":{"line":5,"column":29}}},"fnMap":{"0":{"name":"validateAge","decl":{"start":{"line":1,"column":9},"end":{"line":1,"column":20}},"loc":{"start":{"line":1,"column":26},"end":{"line":3,"column":1}},"line":1}},"branchMap":{"0":{"loc":{"start":{"line":2,"column":9},"end":{"line":2,"column":31}},"type":"binary-expr","locations":[{"start":{"line":2,"column":9},"end":{"line":2,"column":18}},{"start":{"line":2,"column":22},"end":{"line":2,"column":31}}],"line":2}},"s":{"0":4,"1":1},"f":{"0":4},"b":{"0":[4,3]},"_coverageSchema":"1a1c01bbd47fc00a2c39e90264f33305004495a9","hash":"adce30f37f8910382d5a50d62a59ab36131074a5"}
,"D:\\Projects\\DanAds\\Tasks\\qa-hometasks\\src\\task-1\\utils\\validateCartQuantity.js": {"path":"D:\\Projects\\DanAds\\Tasks\\qa-hometasks\\src\\task-1\\utils\\validateCartQuantity.js","statementMap":{"0":{"start":{"line":10,"column":2},"end":{"line":10,"column":54}},"1":{"start":{"line":13,"column":0},"end":{"line":13,"column":38}}},"fnMap":{"0":{"name":"validateCartQuantity","decl":{"start":{"line":1,"column":9},"end":{"line":1,"column":29}},"loc":{"start":{"line":1,"column":40},"end":{"line":11,"column":1}},"line":1}},"branchMap":{"0":{"loc":{"start":{"line":10,"column":9},"end":{"line":10,"column":53}},"type":"binary-expr","locations":[{"start":{"line":10,"column":9},"end":{"line":10,"column":37}},{"start":{"line":10,"column":41},"end":{"line":10,"column":53}}],"line":10}},"s":{"0":4,"1":1},"f":{"0":4},"b":{"0":[4,3]},"_coverageSchema":"1a1c01bbd47fc00a2c39e90264f33305004495a9","hash":"d4cd1d97d1c1e6ba57efa9c0176e41c947b280d8"}
,"D:\\Projects\\DanAds\\Tasks\\qa-hometasks\\src\\task-1\\utils\\validateDiscountCalculation.js": {"path":"D:\\Projects\\DanAds\\Tasks\\qa-hometasks\\src\\task-1\\utils\\validateDiscountCalculation.js","statementMap":{"0":{"start":{"line":2,"column":2},"end":{"line":2,"column":71}},"1":{"start":{"line":5,"column":0},"end":{"line":5,"column":45}}},"fnMap":{"0":{"name":"validateDiscountCalculation","decl":{"start":{"line":1,"column":9},"end":{"line":1,"column":36}},"loc":{"start":{"line":1,"column":59},"end":{"line":3,"column":1}},"line":1}},"branchMap":{"0":{"loc":{"start":{"line":2,"column":9},"end":{"line":2,"column":70}},"type":"cond-expr","locations":[{"start":{"line":2,"column":26},"end":{"line":2,"column":47}},{"start":{"line":2,"column":51},"end":{"line":2,"column":70}}],"line":2},"1":{"loc":{"start":{"line":2,"column":26},"end":{"line":2,"column":47}},"type":"cond-expr","locations":[{"start":{"line":2,"column":40},"end":{"line":2,"column":42}},{"start":{"line":2,"column":45},"end":{"line":2,"column":47}}],"line":2},"2":{"loc":{"start":{"line":2,"column":51},"end":{"line":2,"column":70}},"type":"cond-expr","locations":[{"start":{"line":2,"column":65},"end":{"line":2,"column":66}},{"start":{"line":2,"column":69},"end":{"line":2,"column":70}}],"line":2}},"s":{"0":4,"1":1},"f":{"0":4},"b":{"0":[2,2],"1":[1,1],"2":[1,1]},"_coverageSchema":"1a1c01bbd47fc00a2c39e90264f33305004495a9","hash":"fce05224fe52122ee73a961d29097adf4ca07dc2"}
,"D:\\Projects\\DanAds\\Tasks\\qa-hometasks\\src\\task-1\\utils\\validateLogin.js": {"path":"D:\\Projects\\DanAds\\Tasks\\qa-hometasks\\src\\task-1\\utils\\validateLogin.js","statementMap":{"0":{"start":{"line":2,"column":2},"end":{"line":2,"column":42}},"1":{"start":{"line":2,"column":30},"end":{"line":2,"column":42}},"2":{"start":{"line":4,"column":24},"end":{"line":4,"column":31}},"3":{"start":{"line":5,"column":24},"end":{"line":5,"column":35}},"4":{"start":{"line":7,"column":2},"end":{"line":9,"column":3}},"5":{"start":{"line":8,"column":4},"end":{"line":8,"column":46}},"6":{"start":{"line":11,"column":2},"end":{"line":11,"column":14}},"7":{"start":{"line":14,"column":0},"end":{"line":14,"column":31}}},"fnMap":{"0":{"name":"validateLogin","decl":{"start":{"line":1,"column":9},"end":{"line":1,"column":22}},"loc":{"start":{"line":1,"column":43},"end":{"line":12,"column":1}},"line":1}},"branchMap":{"0":{"loc":{"start":{"line":2,"column":2},"end":{"line":2,"column":42}},"type":"if","locations":[{"start":{"line":2,"column":2},"end":{"line":2,"column":42}},{"start":{},"end":{}}],"line":2},"1":{"loc":{"start":{"line":2,"column":6},"end":{"line":2,"column":28}},"type":"binary-expr","locations":[{"start":{"line":2,"column":6},"end":{"line":2,"column":15}},{"start":{"line":2,"column":19},"end":{"line":2,"column":28}}],"line":2},"2":{"loc":{"start":{"line":7,"column":2},"end":{"line":9,"column":3}},"type":"if","locations":[{"start":{"line":7,"column":2},"end":{"line":9,"column":3}},{"start":{},"end":{}}],"line":7},"3":{"loc":{"start":{"line":7,"column":6},"end":{"line":7,"column":62}},"type":"binary-expr","locations":[{"start":{"line":7,"column":6},"end":{"line":7,"column":32}},{"start":{"line":7,"column":36},"end":{"line":7,"column":62}}],"line":7}},"s":{"0":7,"1":3,"2":4,"3":4,"4":4,"5":1,"6":3,"7":1},"f":{"0":7},"b":{"0":[3,4],"1":[7,5],"2":[1,3],"3":[4,2]},"_coverageSchema":"1a1c01bbd47fc00a2c39e90264f33305004495a9","hash":"99d6e44e7a5e940e6a1cee417c2dc501357394af"}
,"D:\\Projects\\DanAds\\Tasks\\qa-hometasks\\src\\task-1\\utils\\validatePassword.js": {"path":"D:\\Projects\\DanAds\\Tasks\\qa-hometasks\\src\\task-1\\utils\\validatePassword.js","statementMap":{"0":{"start":{"line":12,"column":2},"end":{"line":18,"column":4}},"1":{"start":{"line":21,"column":0},"end":{"line":21,"column":34}}},"fnMap":{"0":{"name":"validatePassword","decl":{"start":{"line":1,"column":9},"end":{"line":1,"column":25}},"loc":{"start":{"line":1,"column":36},"end":{"line":19,"column":1}},"line":1}},"branchMap":{"0":{"loc":{"start":{"line":13,"column":4},"end":{"line":17,"column":23}},"type":"binary-expr","locations":[{"start":{"line":13,"column":4},"end":{"line":13,"column":24}},{"start":{"line":14,"column":4},"end":{"line":14,"column":25}},{"start":{"line":15,"column":4},"end":{"line":15,"column":26}},{"start":{"line":16,"column":4},"end":{"line":16,"column":26}},{"start":{"line":17,"column":4},"end":{"line":17,"column":23}}],"line":13}},"s":{"0":6,"1":1},"f":{"0":6},"b":{"0":[6,5,4,3,2]},"_coverageSchema":"1a1c01bbd47fc00a2c39e90264f33305004495a9","hash":"a0bdb7d3226900aeeb601edbadeb2fba840a708b"}
}
