{"D:\\Projects\\DanAds\\Tasks\\qa-hometasks\\src\\referenced-tasks\\utils\\checkSortOrder.js": {"path":"D:\\Projects\\DanAds\\Tasks\\qa-hometasks\\src\\referenced-tasks\\utils\\checkSortOrder.js","statementMap":{"0":{"start":{"line":2,"column":2},"end":{"line":2,"column":62}},"1":{"start":{"line":2,"column":27},"end":{"line":2,"column":62}},"2":{"start":{"line":4,"column":2},"end":{"line":4,"column":35}},"3":{"start":{"line":4,"column":28},"end":{"line":4,"column":33}},"4":{"start":{"line":7,"column":0},"end":{"line":7,"column":32}}},"fnMap":{"0":{"name":"checkSortOrder","decl":{"start":{"line":1,"column":9},"end":{"line":1,"column":23}},"loc":{"start":{"line":1,"column":29},"end":{"line":5,"column":1}},"line":1},"1":{"name":"(anonymous_1)","decl":{"start":{"line":4,"column":18},"end":{"line":4,"column":19}},"loc":{"start":{"line":4,"column":28},"end":{"line":4,"column":33}},"line":4}},"branchMap":{"0":{"loc":{"start":{"line":2,"column":2},"end":{"line":2,"column":62}},"type":"if","locations":[{"start":{"line":2,"column":2},"end":{"line":2,"column":62}},{"start":{},"end":{}}],"line":2}},"s":{"0":4,"1":1,"2":3,"3":6,"4":1},"f":{"0":4,"1":6},"b":{"0":[1,3]},"_coverageSchema":"1a1c01bbd47fc00a2c39e90264f33305004495a9","hash":"5b32f76f722ff82b7c4755ee788127930ec97ceb"}
}
