TN:
SF:src\task-1\utils\generateFullname.js
FN:1,generateFullname
FNF:1
FNH:1
FNDA:4,generateFullname
DA:2,4
DA:3,1
DA:6,1
LF:3
LH:3
BRDA:2,0,0,3
BRDA:2,0,1,1
BRDA:2,1,0,4
BRDA:2,1,1,2
BRF:4
BRH:4
end_of_record
TN:
SF:src\task-1\utils\validateAge.js
FN:1,validateAge
FNF:1
FNH:1
FNDA:4,validateAge
DA:2,4
DA:5,1
LF:2
LH:2
BRDA:2,0,0,4
BRDA:2,0,1,3
BRF:2
BRH:2
end_of_record
TN:
SF:src\task-1\utils\validateCartQuantity.js
FN:1,validateCartQuantity
FNF:1
FNH:1
FNDA:4,validateCartQuantity
DA:10,4
DA:13,1
LF:2
LH:2
BRDA:10,0,0,4
BRDA:10,0,1,3
BRF:2
BRH:2
end_of_record
TN:
SF:src\task-1\utils\validateDiscountCalculation.js
FN:1,validateDiscountCalculation
FNF:1
FNH:1
FNDA:4,validateDiscountCalculation
DA:2,4
DA:5,1
LF:2
LH:2
BRDA:2,0,0,2
BRDA:2,0,1,2
BRDA:2,1,0,1
BRDA:2,1,1,1
BRDA:2,2,0,1
BRDA:2,2,1,1
BRF:6
BRH:6
end_of_record
TN:
SF:src\task-1\utils\validateLogin.js
FN:1,validateLogin
FNF:1
FNH:1
FNDA:7,validateLogin
DA:2,7
DA:4,4
DA:5,4
DA:7,4
DA:8,1
DA:11,3
DA:14,1
LF:7
LH:7
BRDA:2,0,0,3
BRDA:2,0,1,4
BRDA:2,1,0,7
BRDA:2,1,1,5
BRDA:7,2,0,1
BRDA:7,2,1,3
BRDA:7,3,0,4
BRDA:7,3,1,2
BRF:8
BRH:8
end_of_record
TN:
SF:src\task-1\utils\validatePassword.js
FN:1,validatePassword
FNF:1
FNH:1
FNDA:6,validatePassword
DA:12,6
DA:21,1
LF:2
LH:2
BRDA:13,0,0,6
BRDA:13,0,1,5
BRDA:13,0,2,4
BRDA:13,0,3,3
BRDA:13,0,4,2
BRF:5
BRH:5
end_of_record
